[debug] [2024-02-23T16:56:50.964Z] ----------------------------------------------------------------------
[debug] [2024-02-23T16:56:50.965Z] Command:       C:\Program Files\nodejs\node.exe C:\Users\Dell\AppData\Roaming\npm\node_modules\firebase-tools\lib\bin\firebase.js init
[debug] [2024-02-23T16:56:50.966Z] CLI Version:   13.3.1
[debug] [2024-02-23T16:56:50.966Z] Platform:      win32
[debug] [2024-02-23T16:56:50.966Z] Node Version:  v20.11.0
[debug] [2024-02-23T16:56:50.966Z] Time:          Fri Feb 23 2024 22:26:50 GMT+0530 (India Standard Time)
[debug] [2024-02-23T16:56:50.966Z] ----------------------------------------------------------------------
[debug] 
[debug] [2024-02-23T16:56:50.969Z] > command requires scopes: ["email","openid","https://www.googleapis.com/auth/cloudplatformprojects.readonly","https://www.googleapis.com/auth/firebase","https://www.googleapis.com/auth/cloud-platform"]
[debug] [2024-02-23T16:56:50.970Z] > authorizing via signed-in user (affanasif422@gmail.com)
[info] 
     ######## #### ########  ######## ########     ###     ######  ########
     ##        ##  ##     ## ##       ##     ##  ##   ##  ##       ##
     ######    ##  ########  ######   ########  #########  ######  ######
     ##        ##  ##    ##  ##       ##     ## ##     ##       ## ##
     ##       #### ##     ## ######## ########  ##     ##  ######  ########

You're about to initialize a Firebase project in this directory:

  C:\Affan\Affan\__CODING__\_Zoom_Clone_\Try 16\Microsoft-Engage-2021-multiuserVC

Before we get started, keep in mind:

  * You are currently outside your home directory

[info] 
=== Project Setup
[info] 
[info] First, let's associate this project directory with a Firebase project.
[info] You can create multiple project aliases by running firebase use --add, 
[info] but for now we'll just set up a default project.
[info] 
[debug] [2024-02-23T16:58:26.507Z] >>> [apiv2][query] GET https://firebase.googleapis.com/v1beta1/projects pageSize=100
[debug] [2024-02-23T16:58:27.615Z] <<< [apiv2][status] GET https://firebase.googleapis.com/v1beta1/projects 200
[debug] [2024-02-23T16:58:27.615Z] <<< [apiv2][body] GET https://firebase.googleapis.com/v1beta1/projects [omitted]
[info] i  Using project boommm-3c863 (BOOMMM) 
[info] 
=== Hosting Setup
[debug] [2024-02-23T16:58:43.365Z] >>> [apiv2][query] GET https://firebase.googleapis.com/v1beta1/projects/boommm-3c863 [none]
[debug] [2024-02-23T16:58:43.816Z] <<< [apiv2][status] GET https://firebase.googleapis.com/v1beta1/projects/boommm-3c863 200
[debug] [2024-02-23T16:58:43.817Z] <<< [apiv2][body] GET https://firebase.googleapis.com/v1beta1/projects/boommm-3c863 {"projectId":"boommm-3c863","projectNumber":"428043474634","displayName":"BOOMMM","name":"projects/boommm-3c863","resources":{"hostingSite":"boommm-3c863"},"state":"ACTIVE","etag":"1_ef66befc-015f-42d1-a896-f13f7d2ba9e1"}
[info] 
[info] Your public directory is the folder (relative to your project directory) that
[info] will contain Hosting assets to be uploaded with firebase deploy. If you
[info] have a build process for your assets, use your build's output directory.
[info] 
[debug] [2024-02-23T17:01:30.406Z] Error: Path contains invalid characters: C:\Affan\Affan\__CODING__\_Zoom_Clone_\Try 16\Microsoft-Engage-2021-multiuserVC\C:\Affan\Affan\__CODING__\_Zoom_Clone_\Try 16\Microsoft-Engage-2021-multiuserVC\New_folder
    at checkPath (C:\Users\Dell\AppData\Roaming\npm\node_modules\firebase-tools\node_modules\fs-extra\lib\mkdirs\utils.js:16:21)
    at module.exports.makeDirSync (C:\Users\Dell\AppData\Roaming\npm\node_modules\firebase-tools\node_modules\fs-extra\lib\mkdirs\make-dir.js:21:3)
    at Object.createFileSync (C:\Users\Dell\AppData\Roaming\npm\node_modules\firebase-tools\node_modules\fs-extra\lib\ensure\file.js:59:45)
    at Config.writeProjectFile (C:\Users\Dell\AppData\Roaming\npm\node_modules\firebase-tools\lib\config.js:154:12)
    at C:\Users\Dell\AppData\Roaming\npm\node_modules\firebase-tools\lib\config.js:178:22
    at process.processTicksAndRejections (node:internal/process/task_queues:95:5)
    at async doSetup (C:\Users\Dell\AppData\Roaming\npm\node_modules\firebase-tools\lib\init\features\hosting\index.js:173:13)
    at async init (C:\Users\Dell\AppData\Roaming\npm\node_modules\firebase-tools\lib\init\index.js:37:9)
[error] 
[error] Error: An unexpected error has occurred.
[debug] [2024-02-23T17:03:32.681Z] ----------------------------------------------------------------------
[debug] [2024-02-23T17:03:32.683Z] Command:       C:\Program Files\nodejs\node.exe C:\Users\Dell\AppData\Roaming\npm\node_modules\firebase-tools\lib\bin\firebase.js init
[debug] [2024-02-23T17:03:32.683Z] CLI Version:   13.3.1
[debug] [2024-02-23T17:03:32.683Z] Platform:      win32
[debug] [2024-02-23T17:03:32.684Z] Node Version:  v20.11.0
[debug] [2024-02-23T17:03:32.684Z] Time:          Fri Feb 23 2024 22:33:32 GMT+0530 (India Standard Time)
[debug] [2024-02-23T17:03:32.684Z] ----------------------------------------------------------------------
[debug] 
[debug] [2024-02-23T17:03:32.688Z] > command requires scopes: ["email","openid","https://www.googleapis.com/auth/cloudplatformprojects.readonly","https://www.googleapis.com/auth/firebase","https://www.googleapis.com/auth/cloud-platform"]
[debug] [2024-02-23T17:03:32.689Z] > authorizing via signed-in user (affanasif422@gmail.com)
[info] 
     ######## #### ########  ######## ########     ###     ######  ########
     ##        ##  ##     ## ##       ##     ##  ##   ##  ##       ##
     ######    ##  ########  ######   ########  #########  ######  ######
     ##        ##  ##    ##  ##       ##     ## ##     ##       ## ##
     ##       #### ##     ## ######## ########  ##     ##  ######  ########

You're about to initialize a Firebase project in this directory:

  C:\Affan\Affan\__CODING__\_Zoom_Clone_\Try 16\Microsoft-Engage-2021-multiuserVC

Before we get started, keep in mind:

  * You are currently outside your home directory

[info] 
=== Project Setup
[info] 
[info] First, let's associate this project directory with a Firebase project.
[info] You can create multiple project aliases by running firebase use --add, 
[info] but for now we'll just set up a default project.
[info] 
[debug] [2024-02-23T17:03:58.998Z] >>> [apiv2][query] GET https://firebase.googleapis.com/v1beta1/projects pageSize=100
[debug] [2024-02-23T17:03:59.795Z] <<< [apiv2][status] GET https://firebase.googleapis.com/v1beta1/projects 200
[debug] [2024-02-23T17:03:59.795Z] <<< [apiv2][body] GET https://firebase.googleapis.com/v1beta1/projects [omitted]
[info] i  Using project boommm-3c863 (BOOMMM) 
[info] 
=== Hosting Setup
[debug] [2024-02-23T17:04:01.761Z] >>> [apiv2][query] GET https://firebase.googleapis.com/v1beta1/projects/boommm-3c863 [none]
[debug] [2024-02-23T17:04:02.341Z] <<< [apiv2][status] GET https://firebase.googleapis.com/v1beta1/projects/boommm-3c863 200
[debug] [2024-02-23T17:04:02.341Z] <<< [apiv2][body] GET https://firebase.googleapis.com/v1beta1/projects/boommm-3c863 {"projectId":"boommm-3c863","projectNumber":"428043474634","displayName":"BOOMMM","name":"projects/boommm-3c863","resources":{"hostingSite":"boommm-3c863"},"state":"ACTIVE","etag":"1_ef66befc-015f-42d1-a896-f13f7d2ba9e1"}
[info] 
[info] Your public directory is the folder (relative to your project directory) that
[info] will contain Hosting assets to be uploaded with firebase deploy. If you
[info] have a build process for your assets, use your build's output directory.
[info] 
[debug] [2024-02-23T17:05:41.946Z] >>> [apiv2][query] GET https://www.gstatic.com/firebasejs/releases.json [none]
[debug] [2024-02-23T17:05:42.341Z] <<< [apiv2][status] GET https://www.gstatic.com/firebasejs/releases.json 200
[debug] [2024-02-23T17:05:42.341Z] <<< [apiv2][body] GET https://www.gstatic.com/firebasejs/releases.json {"current":{"version":"10.8.0","browserURL":"https://www.gstatic.com/firebasejs/10.8.0/firebase.js","packageURL":"https://www.gstatic.com/firebasejs/10.8.0/firebase.tgz"},"live":{"version":"10.8","browserURL":"https://www.gstatic.com/firebasejs/live/10.8/firebase.js","packageURL":"https://www.gstatic.com/firebasejs/live/10.8/firebase.tgz"},"components":{"analytics":"https://www.gstatic.com/firebasejs/10.8.0/firebase-analytics.js","app":"https://www.gstatic.com/firebasejs/10.8.0/firebase-app.js","app-check":"https://www.gstatic.com/firebasejs/10.8.0/firebase-app-check.js","auth":"https://www.gstatic.com/firebasejs/10.8.0/firebase-auth.js","auth/cordova":"https://www.gstatic.com/firebasejs/10.8.0/firebase-auth/cordova.js","auth/web-extension":"https://www.gstatic.com/firebasejs/10.8.0/firebase-auth/web-extension.js","functions":"https://www.gstatic.com/firebasejs/10.8.0/firebase-functions.js","firestore":"https://www.gstatic.com/firebasejs/10.8.0/firebase-firestore.js","firestore/lite":"https://www.gstatic.com/firebasejs/10.8.0/firebase-firestore/lite.js","installations":"https://www.gstatic.com/firebasejs/10.8.0/firebase-installations.js","storage":"https://www.gstatic.com/firebasejs/10.8.0/firebase-storage.js","performance":"https://www.gstatic.com/firebasejs/10.8.0/firebase-performance.js","remote-config":"https://www.gstatic.com/firebasejs/10.8.0/firebase-remote-config.js","messaging":"https://www.gstatic.com/firebasejs/10.8.0/firebase-messaging.js","messaging/sw":"https://www.gstatic.com/firebasejs/10.8.0/firebase-messaging/sw.js","database":"https://www.gstatic.com/firebasejs/10.8.0/firebase-database.js","firestore.memory":"https://www.gstatic.com/firebasejs/10.8.0/firebase-firestore.memory.js"}}
[debug] [2024-02-23T17:05:42.679Z] Error: Path contains invalid characters: C:\Affan\Affan\__CODING__\_Zoom_Clone_\Try 16\Microsoft-Engage-2021-multiuserVC\C:\Affan\Affan\__CODING__\_Zoom_Clone_\Try 16\Microsoft-Engage-2021-multiuserVC
    at checkPath (C:\Users\Dell\AppData\Roaming\npm\node_modules\firebase-tools\node_modules\fs-extra\lib\mkdirs\utils.js:16:21)
    at module.exports.makeDirSync (C:\Users\Dell\AppData\Roaming\npm\node_modules\firebase-tools\node_modules\fs-extra\lib\mkdirs\make-dir.js:21:3)
    at Object.createFileSync (C:\Users\Dell\AppData\Roaming\npm\node_modules\firebase-tools\node_modules\fs-extra\lib\ensure\file.js:59:45)
    at Config.writeProjectFile (C:\Users\Dell\AppData\Roaming\npm\node_modules\firebase-tools\lib\config.js:154:12)
    at C:\Users\Dell\AppData\Roaming\npm\node_modules\firebase-tools\lib\config.js:178:22
    at process.processTicksAndRejections (node:internal/process/task_queues:95:5)
    at async doSetup (C:\Users\Dell\AppData\Roaming\npm\node_modules\firebase-tools\lib\init\features\hosting\index.js:177:9)
    at async init (C:\Users\Dell\AppData\Roaming\npm\node_modules\firebase-tools\lib\init\index.js:37:9)
[error] 
[error] Error: An unexpected error has occurred.
[debug] [2024-02-23T17:11:43.555Z] ----------------------------------------------------------------------
[debug] [2024-02-23T17:11:43.556Z] Command:       C:\Program Files\nodejs\node.exe C:\Users\Dell\AppData\Roaming\npm\node_modules\firebase-tools\lib\bin\firebase.js init
[debug] [2024-02-23T17:11:43.557Z] CLI Version:   13.3.1
[debug] [2024-02-23T17:11:43.557Z] Platform:      win32
[debug] [2024-02-23T17:11:43.557Z] Node Version:  v20.11.0
[debug] [2024-02-23T17:11:43.557Z] Time:          Fri Feb 23 2024 22:41:43 GMT+0530 (India Standard Time)
[debug] [2024-02-23T17:11:43.557Z] ----------------------------------------------------------------------
[debug] 
[debug] [2024-02-23T17:11:43.560Z] > command requires scopes: ["email","openid","https://www.googleapis.com/auth/cloudplatformprojects.readonly","https://www.googleapis.com/auth/firebase","https://www.googleapis.com/auth/cloud-platform"]
[debug] [2024-02-23T17:11:43.561Z] > authorizing via signed-in user (affanasif422@gmail.com)
[info] 
     ######## #### ########  ######## ########     ###     ######  ########
     ##        ##  ##     ## ##       ##     ##  ##   ##  ##       ##
     ######    ##  ########  ######   ########  #########  ######  ######
     ##        ##  ##    ##  ##       ##     ## ##     ##       ## ##
     ##       #### ##     ## ######## ########  ##     ##  ######  ########

You're about to initialize a Firebase project in this directory:

  C:\Affan\Affan\__CODING__\_Zoom_Clone_\Try 16\Microsoft-Engage-2021-multiuserVC

Before we get started, keep in mind:

  * You are currently outside your home directory

[info] 
=== Project Setup
[info] 
[info] First, let's associate this project directory with a Firebase project.
[info] You can create multiple project aliases by running firebase use --add, 
[info] but for now we'll just set up a default project.
[info] 
[debug] [2024-02-23T17:11:53.739Z] >>> [apiv2][query] GET https://firebase.googleapis.com/v1beta1/projects pageSize=100
[debug] [2024-02-23T17:11:54.736Z] <<< [apiv2][status] GET https://firebase.googleapis.com/v1beta1/projects 200
[debug] [2024-02-23T17:11:54.736Z] <<< [apiv2][body] GET https://firebase.googleapis.com/v1beta1/projects [omitted]
[info] i  Using project boommm-3c863 (BOOMMM) 
[info] 
=== Hosting Setup
[debug] [2024-02-23T17:11:56.648Z] >>> [apiv2][query] GET https://firebase.googleapis.com/v1beta1/projects/boommm-3c863 [none]
[debug] [2024-02-23T17:11:57.323Z] <<< [apiv2][status] GET https://firebase.googleapis.com/v1beta1/projects/boommm-3c863 200
[debug] [2024-02-23T17:11:57.324Z] <<< [apiv2][body] GET https://firebase.googleapis.com/v1beta1/projects/boommm-3c863 {"projectId":"boommm-3c863","projectNumber":"428043474634","displayName":"BOOMMM","name":"projects/boommm-3c863","resources":{"hostingSite":"boommm-3c863"},"state":"ACTIVE","etag":"1_ef66befc-015f-42d1-a896-f13f7d2ba9e1"}
[info] 
[info] Your public directory is the folder (relative to your project directory) that
[info] will contain Hosting assets to be uploaded with firebase deploy. If you
[info] have a build process for your assets, use your build's output directory.
[info] 
[debug] [2024-02-23T17:12:09.506Z] ----------------------------------------------------------------------
[debug] [2024-02-23T17:12:09.507Z] Command:       C:\Program Files\nodejs\node.exe C:\Users\Dell\AppData\Roaming\npm\node_modules\firebase-tools\lib\bin\firebase.js init
[debug] [2024-02-23T17:12:09.508Z] CLI Version:   13.3.1
[debug] [2024-02-23T17:12:09.508Z] Platform:      win32
[debug] [2024-02-23T17:12:09.508Z] Node Version:  v20.11.0
[debug] [2024-02-23T17:12:09.508Z] Time:          Fri Feb 23 2024 22:42:09 GMT+0530 (India Standard Time)
[debug] [2024-02-23T17:12:09.508Z] ----------------------------------------------------------------------
[debug] 
[debug] [2024-02-23T17:12:09.512Z] > command requires scopes: ["email","openid","https://www.googleapis.com/auth/cloudplatformprojects.readonly","https://www.googleapis.com/auth/firebase","https://www.googleapis.com/auth/cloud-platform"]
[debug] [2024-02-23T17:12:09.512Z] > authorizing via signed-in user (affanasif422@gmail.com)
[info] 
     ######## #### ########  ######## ########     ###     ######  ########
     ##        ##  ##     ## ##       ##     ##  ##   ##  ##       ##
     ######    ##  ########  ######   ########  #########  ######  ######
     ##        ##  ##    ##  ##       ##     ## ##     ##       ## ##
     ##       #### ##     ## ######## ########  ##     ##  ######  ########

You're about to initialize a Firebase project in this directory:

  C:\Affan\Affan\__CODING__\_Zoom_Clone_\Try 16\Microsoft-Engage-2021-multiuserVC

Before we get started, keep in mind:

  * You are currently outside your home directory

[info] 
=== Project Setup
[info] 
[info] First, let's associate this project directory with a Firebase project.
[info] You can create multiple project aliases by running firebase use --add, 
[info] but for now we'll just set up a default project.
[info] 
[debug] [2024-02-23T17:12:19.901Z] >>> [apiv2][query] GET https://firebase.googleapis.com/v1beta1/projects pageSize=100
[debug] [2024-02-23T17:12:20.916Z] <<< [apiv2][status] GET https://firebase.googleapis.com/v1beta1/projects 200
[debug] [2024-02-23T17:12:20.916Z] <<< [apiv2][body] GET https://firebase.googleapis.com/v1beta1/projects [omitted]
[info] i  Using project boommm-3c863 (BOOMMM) 
[info] 
=== Hosting Setup
[debug] [2024-02-23T17:12:22.743Z] >>> [apiv2][query] GET https://firebase.googleapis.com/v1beta1/projects/boommm-3c863 [none]
[debug] [2024-02-23T17:12:23.086Z] <<< [apiv2][status] GET https://firebase.googleapis.com/v1beta1/projects/boommm-3c863 200
[debug] [2024-02-23T17:12:23.086Z] <<< [apiv2][body] GET https://firebase.googleapis.com/v1beta1/projects/boommm-3c863 {"projectId":"boommm-3c863","projectNumber":"428043474634","displayName":"BOOMMM","name":"projects/boommm-3c863","resources":{"hostingSite":"boommm-3c863"},"state":"ACTIVE","etag":"1_ef66befc-015f-42d1-a896-f13f7d2ba9e1"}
[info] 
[info] Your public directory is the folder (relative to your project directory) that
[info] will contain Hosting assets to be uploaded with firebase deploy. If you
[info] have a build process for your assets, use your build's output directory.
[info] 
[debug] [2024-02-23T17:13:04.437Z] >>> [apiv2][query] GET https://www.gstatic.com/firebasejs/releases.json [none]
[debug] [2024-02-23T17:13:04.663Z] <<< [apiv2][status] GET https://www.gstatic.com/firebasejs/releases.json 200
[debug] [2024-02-23T17:13:04.663Z] <<< [apiv2][body] GET https://www.gstatic.com/firebasejs/releases.json {"current":{"version":"10.8.0","browserURL":"https://www.gstatic.com/firebasejs/10.8.0/firebase.js","packageURL":"https://www.gstatic.com/firebasejs/10.8.0/firebase.tgz"},"live":{"version":"10.8","browserURL":"https://www.gstatic.com/firebasejs/live/10.8/firebase.js","packageURL":"https://www.gstatic.com/firebasejs/live/10.8/firebase.tgz"},"components":{"analytics":"https://www.gstatic.com/firebasejs/10.8.0/firebase-analytics.js","app":"https://www.gstatic.com/firebasejs/10.8.0/firebase-app.js","app-check":"https://www.gstatic.com/firebasejs/10.8.0/firebase-app-check.js","auth":"https://www.gstatic.com/firebasejs/10.8.0/firebase-auth.js","auth/cordova":"https://www.gstatic.com/firebasejs/10.8.0/firebase-auth/cordova.js","auth/web-extension":"https://www.gstatic.com/firebasejs/10.8.0/firebase-auth/web-extension.js","functions":"https://www.gstatic.com/firebasejs/10.8.0/firebase-functions.js","firestore":"https://www.gstatic.com/firebasejs/10.8.0/firebase-firestore.js","firestore/lite":"https://www.gstatic.com/firebasejs/10.8.0/firebase-firestore/lite.js","installations":"https://www.gstatic.com/firebasejs/10.8.0/firebase-installations.js","storage":"https://www.gstatic.com/firebasejs/10.8.0/firebase-storage.js","performance":"https://www.gstatic.com/firebasejs/10.8.0/firebase-performance.js","remote-config":"https://www.gstatic.com/firebasejs/10.8.0/firebase-remote-config.js","messaging":"https://www.gstatic.com/firebasejs/10.8.0/firebase-messaging.js","messaging/sw":"https://www.gstatic.com/firebasejs/10.8.0/firebase-messaging/sw.js","database":"https://www.gstatic.com/firebasejs/10.8.0/firebase-database.js","firestore.memory":"https://www.gstatic.com/firebasejs/10.8.0/firebase-firestore.memory.js"}}
[debug] [2024-02-23T17:13:04.949Z] Error: Path contains invalid characters: C:\Affan\Affan\__CODING__\_Zoom_Clone_\Try 16\Microsoft-Engage-2021-multiuserVC\C:\Affan\Affan\__CODING__\_Zoom_Clone_\Try 16\Microsoft-Engage-2021-multiuserVC
    at checkPath (C:\Users\Dell\AppData\Roaming\npm\node_modules\firebase-tools\node_modules\fs-extra\lib\mkdirs\utils.js:16:21)
    at module.exports.makeDirSync (C:\Users\Dell\AppData\Roaming\npm\node_modules\firebase-tools\node_modules\fs-extra\lib\mkdirs\make-dir.js:21:3)
    at Object.createFileSync (C:\Users\Dell\AppData\Roaming\npm\node_modules\firebase-tools\node_modules\fs-extra\lib\ensure\file.js:59:45)
    at Config.writeProjectFile (C:\Users\Dell\AppData\Roaming\npm\node_modules\firebase-tools\lib\config.js:154:12)
    at C:\Users\Dell\AppData\Roaming\npm\node_modules\firebase-tools\lib\config.js:178:22
    at process.processTicksAndRejections (node:internal/process/task_queues:95:5)
    at async doSetup (C:\Users\Dell\AppData\Roaming\npm\node_modules\firebase-tools\lib\init\features\hosting\index.js:177:9)
    at async init (C:\Users\Dell\AppData\Roaming\npm\node_modules\firebase-tools\lib\init\index.js:37:9)
[error] 
[error] Error: An unexpected error has occurred.
